{"F:\\Git_Projects\\Book_API\\server.js": {"path":"F:\\Git_Projects\\Book_API\\server.js","statementMap":{"0":{"start":{"line":1,"column":16},"end":{"line":1,"column":34}},"1":{"start":{"line":2,"column":13},"end":{"line":2,"column":28}},"2":{"start":{"line":4,"column":12},"end":{"line":4,"column":21}},"3":{"start":{"line":5,"column":19},"end":{"line":5,"column":49}},"4":{"start":{"line":6,"column":13},"end":{"line":6,"column":17}},"5":{"start":{"line":10,"column":18},"end":{"line":12,"column":1}},"6":{"start":{"line":14,"column":0},"end":{"line":14,"column":27}},"7":{"start":{"line":15,"column":0},"end":{"line":15,"column":28}},"8":{"start":{"line":16,"column":0},"end":{"line":16,"column":24}},"9":{"start":{"line":19,"column":0},"end":{"line":19,"column":27}},"10":{"start":{"line":21,"column":0},"end":{"line":23,"column":2}},"11":{"start":{"line":22,"column":4},"end":{"line":22,"column":31}},"12":{"start":{"line":25,"column":15},"end":{"line":25,"column":90}}},"fnMap":{"0":{"name":"(anonymous_0)","decl":{"start":{"line":21,"column":13},"end":{"line":21,"column":14}},"loc":{"start":{"line":21,"column":27},"end":{"line":23,"column":1}},"line":21}},"branchMap":{},"s":{"0":0,"1":0,"2":0,"3":0,"4":0,"5":0,"6":0,"7":0,"8":0,"9":0,"10":0,"11":0,"12":0},"f":{"0":0},"b":{}}
}
